🟢 Inactivity timer started: min=0.5 min, max=1 min
Idle for 0 sec
Idle for 1 sec
Idle for 2 sec
Idle for 3 sec
Idle for 4 sec
Idle for 5 sec
Idle for 0 sec
Idle for 1 sec
Idle for 2 sec
Idle for 0 sec
Idle for 1 sec
Idle for 2 sec
Idle for 0 sec
Idle for 0 sec
Idle for 0 sec
Idle for 0 sec
Idle for 0 sec
Idle for 1 sec
Idle for 2 sec
Idle for 0 sec
Idle for 0 sec
🟢 Inactivity timer started: min=0.5 min, max=1 min
Idle for 0 sec
Idle for 1 sec
Idle for 2 sec
Idle for 3 sec
Idle for 4 sec
Idle for 5 sec
Idle for 6 sec
Idle for 7 sec
Idle for 8 sec
Idle for 9 sec
Idle for 0 sec
Idle for 1 sec
Idle for 0 sec
Idle for 0 sec
Idle for 0 sec
🟢 Inactivity timer started: min=0.5 min, max=1 min
Idle for 0 sec
Idle for 1 sec
Idle for 2 sec
Idle for 3 sec
Idle for 4 sec
Idle for 5 sec
Idle for 0 sec
Idle for 0 sec
Idle for 0 sec
Idle for 1 sec
Idle for 2 sec
Idle for 3 sec
Idle for 4 sec
Idle for 0 sec
Idle for 0 sec
Idle for 1 sec
Idle for 0 sec
Idle for 0 sec
🟢 Inactivity timer started: min=0.5 min, max=1 min
Idle for 0 sec
Idle for 1 sec
Idle for 0 sec
Idle for 1 sec
Idle for 2 sec
Idle for 0 sec
Idle for 1 sec
Idle for 2 sec
Idle for 0 sec
Idle for 0 sec
Idle for 0 sec
Idle for 1 sec
Idle for 0 sec
Idle for 0 sec
🟢 Inactivity monitor started: min=0.5min, max=1min
Idle for 0 second(s)...
Idle for 0 second(s)...
Idle for 0 second(s)...
Idle for 1 second(s)...
Idle for 2 second(s)...
Idle for 3 second(s)...
Idle for 4 second(s)...
Idle for 5 second(s)...
Idle for 6 second(s)...
Idle for 7 second(s)...
Idle for 8 second(s)...
Idle for 9 second(s)...
Idle for 10 second(s)...
Idle for 11 second(s)...
Idle for 12 second(s)...
Idle for 13 second(s)...
Idle for 14 second(s)...
Idle for 15 second(s)...
Idle for 16 second(s)...
Idle for 17 second(s)...
Idle for 18 second(s)...
Idle for 19 second(s)...
Idle for 20 second(s)...
Idle for 21 second(s)...
Idle for 22 second(s)...
Idle for 23 second(s)...
Idle for 24 second(s)...
Idle for 25 second(s)...
Idle for 26 second(s)...
Idle for 27 second(s)...
Idle for 28 second(s)...
Idle for 29 second(s)...
Idle for 30 second(s)...
⚠️ Warning: Inactive for 0.5 minutes.
Idle for 31 second(s)...
Idle for 32 second(s)...
Idle for 33 second(s)...
Idle for 0 second(s)...
Idle for 0 second(s)...
Idle for 0 second(s)...
Idle for 0 second(s)...
Idle for 0 second(s)...
🟢 Inactivity monitor started: min=0.5min, max=1min
Idle for 0 second(s)...
Idle for 1 second(s)...
Idle for 2 second(s)...
Idle for 3 second(s)...
Idle for 4 second(s)...
Idle for 5 second(s)...
Idle for 6 second(s)...
Idle for 7 second(s)...
Idle for 8 second(s)...
Idle for 9 second(s)...
Idle for 10 second(s)...
Idle for 11 second(s)...
Idle for 12 second(s)...
Idle for 13 second(s)...
Idle for 14 second(s)...
Idle for 15 second(s)...
Idle for 16 second(s)...
Idle for 17 second(s)...
Idle for 18 second(s)...
Idle for 19 second(s)...
Idle for 20 second(s)...
Idle for 21 second(s)...
Idle for 22 second(s)...
Idle for 23 second(s)...
Idle for 24 second(s)...
Idle for 25 second(s)...
Idle for 26 second(s)...
Idle for 27 second(s)...
Idle for 28 second(s)...
Idle for 29 second(s)...
Idle for 30 second(s)...
⚠️ Warning: Inactive for 0.5 minutes.
Idle for 31 second(s)...
Idle for 0 second(s)...
Idle for 0 second(s)...
Idle for 1 second(s)...
Idle for 2 second(s)...
Idle for 3 second(s)...
Idle for 4 second(s)...
Idle for 5 second(s)...
Idle for 0 second(s)...
Idle for 0 second(s)...
Idle for 0 second(s)...
Idle for 0 second(s)...
Idle for 0 second(s)...
Idle for 0 second(s)...
Idle for 0 second(s)...
Idle for 0 second(s)...
Idle for 0 second(s)...
Idle for 0 second(s)...
Idle for 0 second(s)...
Idle for 0 second(s)...
Idle for 0 second(s)...
Idle for 0 second(s)...
Idle for 0 second(s)...
Idle for 0 second(s)...
Idle for 0 second(s)...
Idle for 0 second(s)...
Idle for 0 second(s)...
Idle for 0 second(s)...
Idle for 0 second(s)...
Idle for 0 second(s)...
Idle for 0 second(s)...
Idle for 0 second(s)...
Idle for 1 second(s)...
Idle for 2 second(s)...
Idle for 3 second(s)...
Idle for 4 second(s)...
Idle for 5 second(s)...
Idle for 6 second(s)...
Idle for 7 second(s)...
Idle for 8 second(s)...
Idle for 9 second(s)...
Idle for 10 second(s)...
Idle for 11 second(s)...
Idle for 12 second(s)...
Idle for 13 second(s)...
Idle for 14 second(s)...
Idle for 15 second(s)...
Idle for 16 second(s)...
Idle for 17 second(s)...
Idle for 18 second(s)...
Idle for 19 second(s)...
Idle for 20 second(s)...
Idle for 21 second(s)...
Idle for 22 second(s)...
Idle for 23 second(s)...
Idle for 24 second(s)...
Idle for 25 second(s)...
Idle for 26 second(s)...
Idle for 27 second(s)...
Idle for 28 second(s)...
Idle for 29 second(s)...
Idle for 30 second(s)...
⚠️ Warning: Inactive for 0.5 minutes.
Idle for 31 second(s)...
Idle for 32 second(s)...
Idle for 33 second(s)...
Idle for 34 second(s)...
Idle for 35 second(s)...
Idle for 36 second(s)...
Idle for 37 second(s)...
Idle for 38 second(s)...
Idle for 39 second(s)...
Idle for 40 second(s)...
Idle for 41 second(s)...
Idle for 42 second(s)...
Idle for 43 second(s)...
Idle for 44 second(s)...
Idle for 45 second(s)...
Idle for 46 second(s)...
Idle for 47 second(s)...
Idle for 48 second(s)...
Idle for 49 second(s)...
Idle for 50 second(s)...
Idle for 51 second(s)...
Idle for 52 second(s)...
Idle for 53 second(s)...
Idle for 54 second(s)...
Idle for 55 second(s)...
Idle for 56 second(s)...
Idle for 57 second(s)...
Idle for 58 second(s)...
Idle for 59 second(s)...
Idle for 60 second(s)...
⛔ Inactive for 1 minutes. Exiting.
🟢 Inactivity monitor started: min=0.5min, max=1min
Idle for 0 second(s)...
Idle for 0 second(s)...
Idle for 0 second(s)...
Idle for 0 second(s)...
Idle for 1 second(s)...
Idle for 2 second(s)...
Idle for 3 second(s)...
Idle for 4 second(s)...
Idle for 5 second(s)...
Idle for 6 second(s)...
Idle for 0 second(s)...
Idle for 0 second(s)...
Idle for 1 second(s)...
Idle for 2 second(s)...
Idle for 3 second(s)...
Idle for 0 second(s)...
Idle for 1 second(s)...
Idle for 0 second(s)...
Idle for 0 second(s)...
Idle for 0 second(s)...
Idle for 1 second(s)...
Idle for 2 second(s)...
Idle for 0 second(s)...
Idle for 0 second(s)...
Idle for 0 second(s)...
Idle for 0 second(s)...
Idle for 0 second(s)...
Idle for 0 second(s)...
Idle for 0 second(s)...
Idle for 0 second(s)...
Idle for 0 second(s)...
Idle for 0 second(s)...
Idle for 0 second(s)...
Idle for 0 second(s)...
Idle for 0 second(s)...
Idle for 0 second(s)...
Idle for 0 second(s)...
Idle for 1 second(s)...
Idle for 0 second(s)...
Idle for 0 second(s)...
Idle for 0 second(s)...
Idle for 0 second(s)...
Idle for 0 second(s)...
Idle for 0 second(s)...
Idle for 0 second(s)...
Idle for 0 second(s)...
Idle for 1 second(s)...
Idle for 0 second(s)...
Idle for 0 second(s)...
Idle for 0 second(s)...
Idle for 0 second(s)...
Idle for 0 second(s)...
Idle for 0 second(s)...
Idle for 0 second(s)...
Idle for 0 second(s)...
Idle for 0 second(s)...
Idle for 0 second(s)...
Idle for 0 second(s)...
Idle for 0 second(s)...
Idle for 0 second(s)...
Idle for 0 second(s)...
Idle for 0 second(s)...
Idle for 0 second(s)...
Idle for 1 second(s)...
Idle for 2 second(s)...
Idle for 0 second(s)...
Idle for 0 second(s)...
Idle for 0 second(s)...
Idle for 0 second(s)...
Idle for 0 second(s)...
Idle for 0 second(s)...
Idle for 0 second(s)...
Idle for 0 second(s)...
Idle for 0 second(s)...
Idle for 0 second(s)...
Idle for 1 second(s)...
Idle for 0 second(s)...
Idle for 0 second(s)...
Idle for 0 second(s)...
Idle for 0 second(s)...
Idle for 0 second(s)...
Idle for 0 second(s)...
Idle for 0 second(s)...
Idle for 1 second(s)...
Idle for 0 second(s)...
Idle for 0 second(s)...
Idle for 1 second(s)...
Idle for 2 second(s)...
Idle for 3 second(s)...
Idle for 0 second(s)...
Idle for 0 second(s)...
Idle for 0 second(s)...
Idle for 0 second(s)...
Idle for 0 second(s)...
Idle for 0 second(s)...
Idle for 0 second(s)...
Idle for 0 second(s)...
Idle for 0 second(s)...
Idle for 0 second(s)...
Idle for 0 second(s)...
Idle for 0 second(s)...
Idle for 0 second(s)...
Idle for 0 second(s)...
Idle for 0 second(s)...
Idle for 0 second(s)...
Idle for 0 second(s)...
Idle for 0 second(s)...
Idle for 0 second(s)...
Idle for 0 second(s)...
Idle for 0 second(s)...
Idle for 0 second(s)...
Idle for 0 second(s)...
Idle for 0 second(s)...
Idle for 0 second(s)...
Idle for 0 second(s)...
Idle for 0 second(s)...
Idle for 0 second(s)...
Idle for 0 second(s)...
Idle for 0 second(s)...
Idle for 0 second(s)...
Idle for 0 second(s)...
Idle for 0 second(s)...
Idle for 0 second(s)...
Idle for 0 second(s)...
Idle for 0 second(s)...
Idle for 0 second(s)...
Idle for 0 second(s)...
Idle for 1 second(s)...
Idle for 0 second(s)...
Idle for 0 second(s)...
Idle for 0 second(s)...
Idle for 0 second(s)...
Idle for 1 second(s)...
Idle for 0 second(s)...
Idle for 0 second(s)...
Idle for 0 second(s)...
Idle for 0 second(s)...
Idle for 0 second(s)...
Idle for 0 second(s)...
Idle for 0 second(s)...
Idle for 0 second(s)...
Idle for 1 second(s)...
Idle for 2 second(s)...
Idle for 0 second(s)...
Idle for 0 second(s)...
Idle for 0 second(s)...
Idle for 0 second(s)...
Idle for 0 second(s)...
Idle for 0 second(s)...
Idle for 1 second(s)...
Idle for 0 second(s)...
Idle for 0 second(s)...
Idle for 0 second(s)...
Idle for 0 second(s)...
Idle for 0 second(s)...
Idle for 0 second(s)...
Idle for 0 second(s)...
Idle for 0 second(s)...
Idle for 0 second(s)...
Idle for 0 second(s)...
Idle for 0 second(s)...
Idle for 0 second(s)...
Idle for 0 second(s)...
Idle for 0 second(s)...
Idle for 0 second(s)...
Idle for 0 second(s)...
🟢 Inactivity monitor started: min=0.5min, max=1min
Idle for 0 second(s)...
Idle for 0 second(s)...
Idle for 0 second(s)...
Idle for 1 second(s)...
Idle for 2 second(s)...
Idle for 3 second(s)...
Idle for 4 second(s)...
Idle for 0 second(s)...
Idle for 0 second(s)...
Idle for 0 second(s)...
Idle for 0 second(s)...
Idle for 0 second(s)...
Idle for 0 second(s)...
Idle for 0 second(s)...
Idle for 0 second(s)...
Idle for 0 second(s)...
Idle for 0 second(s)...
Idle for 0 second(s)...
Idle for 0 second(s)...
Idle for 0 second(s)...
Idle for 0 second(s)...
Idle for 0 second(s)...
Idle for 0 second(s)...
Idle for 0 second(s)...
Idle for 0 second(s)...
Idle for 1 second(s)...
Idle for 0 second(s)...
Idle for 0 second(s)...
Idle for 0 second(s)...
Idle for 0 second(s)...
Idle for 0 second(s)...
Idle for 0 second(s)...
Idle for 0 second(s)...
Idle for 0 second(s)...
Idle for 0 second(s)...
Idle for 0 second(s)...
Idle for 0 second(s)...
Idle for 0 second(s)...
Idle for 1 second(s)...
Idle for 0 second(s)...
Idle for 0 second(s)...
🟢 Inactivity monitor started: min=0.5min, max=1min
Idle for 0 second(s)...
Idle for 0 second(s)...
Idle for 0 second(s)...
Idle for 0 second(s)...
Idle for 0 second(s)...
Idle for 0 second(s)...
Idle for 0 second(s)...
Idle for 0 second(s)...
Idle for 0 second(s)...
Idle for 0 second(s)...
Idle for 0 second(s)...
Idle for 1 second(s)...
Idle for 2 second(s)...
Idle for 3 second(s)...
Idle for 0 second(s)...
Idle for 0 second(s)...
Idle for 0 second(s)...
🟢 Inactivity monitor started: min=0.5min, max=1min
Idle for 0 second(s)...
Idle for 0 second(s)...
Idle for 1 second(s)...
Idle for 2 second(s)...
Idle for 0 second(s)...
Idle for 0 second(s)...
Idle for 0 second(s)...
🟢 Inactivity monitor started: min=0.5min, max=1min
Idle for 0 second(s)...
Idle for 0 second(s)...
Idle for 0 second(s)...
Idle for 0 second(s)...
Idle for 0 second(s)...
Idle for 0 second(s)...
Idle for 0 second(s)...
Idle for 0 second(s)...
Idle for 0 second(s)...
Idle for 0 second(s)...
Idle for 0 second(s)...
Idle for 0 second(s)...
Idle for 0 second(s)...
🟢 Inactivity monitor started: min=0.5min, max=1min
Idle for 0 second(s)...
Idle for 0 second(s)...
Idle for 0 second(s)...
Idle for 0 second(s)...
Idle for 0 second(s)...
Idle for 0 second(s)...
Idle for 0 second(s)...
Idle for 0 second(s)...
Idle for 0 second(s)...
Idle for 0 second(s)...
Idle for 0 second(s)...
Idle for 0 second(s)...
Idle for 0 second(s)...
Idle for 0 second(s)...
Idle for 0 second(s)...
Idle for 0 second(s)...
Idle for 0 second(s)...
Idle for 0 second(s)...
Idle for 0 second(s)...
Idle for 0 second(s)...
Idle for 0 second(s)...
Idle for 0 second(s)...
Idle for 0 second(s)...
Idle for 0 second(s)...
Idle for 0 second(s)...
Idle for 0 second(s)...
Idle for 0 second(s)...
Idle for 0 second(s)...
Idle for 0 second(s)...
🟢 Inactivity monitor started: min=0.5min, max=1min
Idle for 0 second(s)...
Idle for 0 second(s)...
Idle for 1 second(s)...
Idle for 0 second(s)...
Idle for 0 second(s)...
Idle for 0 second(s)...
Idle for 0 second(s)...
Idle for 1 second(s)...
Idle for 0 second(s)...
Idle for 0 second(s)...
Idle for 0 second(s)...
Idle for 0 second(s)...
Idle for 0 second(s)...
Idle for 0 second(s)...
Idle for 0 second(s)...
Idle for 0 second(s)...
Idle for 0 second(s)...
Idle for 0 second(s)...
Idle for 0 second(s)...
Idle for 0 second(s)...
Idle for 0 second(s)...
Idle for 0 second(s)...
Idle for 0 second(s)...
🟢 Inactivity monitor started: min=0.5min, max=1min
Idle for 0 second(s)...
Idle for 0 second(s)...
Idle for 1 second(s)...
Idle for 0 second(s)...
Idle for 0 second(s)...
Idle for 0 second(s)...
Idle for 0 second(s)...
Idle for 1 second(s)...
Idle for 0 second(s)...
Idle for 0 second(s)...
Idle for 0 second(s)...
Idle for 0 second(s)...
Idle for 0 second(s)...
Idle for 1 second(s)...
Idle for 0 second(s)...
Idle for 0 second(s)...
Idle for 1 second(s)...
Idle for 2 second(s)...
Idle for 3 second(s)...
Idle for 4 second(s)...
Idle for 0 second(s)...
Idle for 0 second(s)...
🟢 Inactivity monitor started: min=0.5min, max=1min
Idle for 0 second(s)...
Idle for 0 second(s)...
Idle for 0 second(s)...
Idle for 0 second(s)...
Idle for 0 second(s)...
Idle for 0 second(s)...
Idle for 0 second(s)...
Idle for 0 second(s)...
Idle for 0 second(s)...
Idle for 0 second(s)...
Idle for 1 second(s)...
Idle for 0 second(s)...
Idle for 0 second(s)...
Idle for 0 second(s)...
Idle for 1 second(s)...
Idle for 0 second(s)...
Idle for 0 second(s)...
Idle for 0 second(s)...
Idle for 0 second(s)...
Idle for 1 second(s)...
Idle for 0 second(s)...
Idle for 0 second(s)...
Idle for 0 second(s)...
Idle for 0 second(s)...
Idle for 0 second(s)...
Idle for 0 second(s)...
Idle for 0 second(s)...
Idle for 0 second(s)...
Idle for 0 second(s)...
Idle for 0 second(s)...
Idle for 0 second(s)...
Idle for 0 second(s)...
Idle for 0 second(s)...
Idle for 0 second(s)...
Idle for 0 second(s)...
Idle for 0 second(s)...
🟢 Inactivity monitor started: min=0.5min, max=1min
Idle for 0 second(s)...
Idle for 0 second(s)...
Idle for 0 second(s)...
Idle for 0 second(s)...
Idle for 0 second(s)...
Idle for 0 second(s)...
Idle for 0 second(s)...
Idle for 0 second(s)...
Idle for 0 second(s)...
Idle for 0 second(s)...
Idle for 0 second(s)...
Idle for 0 second(s)...
Idle for 0 second(s)...
Idle for 0 second(s)...
Idle for 0 second(s)...
Idle for 0 second(s)...
Idle for 0 second(s)...
Idle for 0 second(s)...
Idle for 0 second(s)...
Idle for 0 second(s)...
Idle for 0 second(s)...
Idle for 0 second(s)...
Idle for 0 second(s)...
Idle for 0 second(s)...
Idle for 0 second(s)...
Idle for 0 second(s)...
Idle for 0 second(s)...
Idle for 0 second(s)...
Idle for 0 second(s)...
Idle for 0 second(s)...
Idle for 0 second(s)...
Idle for 0 second(s)...
Idle for 0 second(s)...
Idle for 0 second(s)...
Idle for 0 second(s)...
Idle for 0 second(s)...
Idle for 0 second(s)...
Idle for 0 second(s)...
Idle for 0 second(s)...
Idle for 1 second(s)...
Idle for 0 second(s)...
Idle for 0 second(s)...
Idle for 0 second(s)...
Idle for 0 second(s)...
Idle for 0 second(s)...
Idle for 0 second(s)...
Idle for 0 second(s)...
Idle for 0 second(s)...
Idle for 0 second(s)...
Idle for 0 second(s)...
Idle for 0 second(s)...
Idle for 0 second(s)...
Idle for 0 second(s)...
Idle for 0 second(s)...
Idle for 0 second(s)...
Idle for 1 second(s)...
Idle for 0 second(s)...
Idle for 0 second(s)...
Idle for 0 second(s)...
Idle for 0 second(s)...
Idle for 0 second(s)...
Idle for 1 second(s)...
Idle for 2 second(s)...
Idle for 0 second(s)...
Idle for 0 second(s)...
Idle for 0 second(s)...
Idle for 0 second(s)...
Idle for 0 second(s)...
Idle for 0 second(s)...
Idle for 0 second(s)...
Idle for 0 second(s)...
Idle for 0 second(s)...
Idle for 0 second(s)...
Idle for 0 second(s)...
Idle for 1 second(s)...
Idle for 2 second(s)...
Idle for 3 second(s)...
Idle for 4 second(s)...
Idle for 0 second(s)...
Idle for 1 second(s)...
Idle for 0 second(s)...
Idle for 0 second(s)...
Idle for 0 second(s)...
Idle for 0 second(s)...
🟢 Inactivity monitor started: min=0.5min, max=1min
Idle for 0 second(s)...
Idle for 0 second(s)...
Idle for 0 second(s)...
Idle for 0 second(s)...
Idle for 1 second(s)...
Idle for 0 second(s)...
Idle for 0 second(s)...
Idle for 0 second(s)...
Idle for 1 second(s)...
Idle for 2 second(s)...
Idle for 0 second(s)...
Idle for 1 second(s)...
Idle for 0 second(s)...
Idle for 1 second(s)...
Idle for 2 second(s)...
Idle for 3 second(s)...
Idle for 0 second(s)...
Idle for 0 second(s)...
Idle for 0 second(s)...
Idle for 1 second(s)...
Idle for 2 second(s)...
Idle for 0 second(s)...
Idle for 1 second(s)...
Idle for 2 second(s)...
Idle for 3 second(s)...
Idle for 0 second(s)...
Idle for 0 second(s)...
Idle for 1 second(s)...
Idle for 2 second(s)...
Idle for 0 second(s)...
Idle for 0 second(s)...
Idle for 0 second(s)...
Idle for 0 second(s)...
Idle for 0 second(s)...
Idle for 1 second(s)...
Idle for 2 second(s)...
Idle for 0 second(s)...
Idle for 0 second(s)...
Idle for 0 second(s)...
Idle for 1 second(s)...
Idle for 0 second(s)...
Idle for 0 second(s)...
🟢 Inactivity monitor started: min=0.5min, max=1min
Idle for 0 second(s)...
Idle for 0 second(s)...
Idle for 0 second(s)...
Idle for 0 second(s)...
Idle for 0 second(s)...
Idle for 0 second(s)...
Idle for 0 second(s)...
Idle for 0 second(s)...
🟢 Inactivity monitor started: min=0.5min, max=1min
Idle for 0 second(s)...
Idle for 0 second(s)...
Idle for 0 second(s)...
Idle for 0 second(s)...
Idle for 1 second(s)...
Idle for 2 second(s)...
Idle for 3 second(s)...
Idle for 4 second(s)...
Idle for 0 second(s)...
Idle for 1 second(s)...
Idle for 0 second(s)...
Idle for 0 second(s)...
Idle for 0 second(s)...
Idle for 0 second(s)...
Idle for 0 second(s)...
Idle for 0 second(s)...
Idle for 0 second(s)...
Idle for 0 second(s)...
Idle for 0 second(s)...
Idle for 0 second(s)...
Idle for 0 second(s)...
Idle for 0 second(s)...
Idle for 0 second(s)...
Idle for 0 second(s)...
Idle for 0 second(s)...
Idle for 0 second(s)...
Idle for 0 second(s)...
Idle for 1 second(s)...
Idle for 0 second(s)...
Idle for 1 second(s)...
Idle for 2 second(s)...
Idle for 0 second(s)...
Idle for 0 second(s)...
Idle for 1 second(s)...
Idle for 2 second(s)...
Idle for 0 second(s)...
Idle for 0 second(s)...
Idle for 1 second(s)...
Idle for 0 second(s)...
Idle for 1 second(s)...
Idle for 2 second(s)...
Idle for 0 second(s)...
Idle for 0 second(s)...
Idle for 1 second(s)...
Idle for 2 second(s)...
Idle for 3 second(s)...
Idle for 4 second(s)...
Idle for 5 second(s)...
Idle for 6 second(s)...
Idle for 7 second(s)...
Idle for 0 second(s)...
Idle for 1 second(s)...
Idle for 0 second(s)...
Idle for 1 second(s)...
Idle for 0 second(s)...
Idle for 0 second(s)...
Idle for 0 second(s)...
Idle for 0 second(s)...
Idle for 0 second(s)...
Idle for 0 second(s)...
Idle for 0 second(s)...
Idle for 1 second(s)...
Idle for 2 second(s)...
Idle for 3 second(s)...
Idle for 4 second(s)...
Idle for 5 second(s)...
Idle for 0 second(s)...
Idle for 0 second(s)...
Idle for 1 second(s)...
Idle for 0 second(s)...
Idle for 0 second(s)...
Idle for 1 second(s)...
Idle for 0 second(s)...
Idle for 0 second(s)...
🟢 Inactivity monitor started: min=0.5min, max=1min
Idle for 0 second(s)...
Idle for 1 second(s)...
Idle for 1 second(s)...
Idle for 2 second(s)...
Idle for 2 second(s)...
Idle for 3 second(s)...
Idle for 3 second(s)...
Idle for 4 second(s)...
Idle for 4 second(s)...
Idle for 5 second(s)...
Idle for 5 second(s)...
Idle for 0 second(s)...
Idle for 0 second(s)...
Idle for 1 second(s)...
Idle for 1 second(s)...
Idle for 2 second(s)...
Idle for 2 second(s)...
Idle for 3 second(s)...
Idle for 3 second(s)...
Idle for 4 second(s)...
Idle for 4 second(s)...
Idle for 5 second(s)...
Idle for 5 second(s)...
Idle for 6 second(s)...
Idle for 6 second(s)...
Idle for 7 second(s)...
Idle for 7 second(s)...
Idle for 8 second(s)...
Idle for 8 second(s)...
Idle for 9 second(s)...
Idle for 9 second(s)...
Idle for 10 second(s)...
Idle for 10 second(s)...
Idle for 11 second(s)...
Idle for 11 second(s)...
Idle for 12 second(s)...
Idle for 12 second(s)...
Idle for 13 second(s)...
Idle for 13 second(s)...
Idle for 0 second(s)...
Idle for 0 second(s)...
Idle for 0 second(s)...
Idle for 0 second(s)...
Idle for 0 second(s)...
Idle for 0 second(s)...
Idle for 0 second(s)...
Idle for 0 second(s)...
Idle for 0 second(s)...
Idle for 0 second(s)...
Idle for 0 second(s)...
Idle for 0 second(s)...
Idle for 0 second(s)...
Idle for 0 second(s)...
Idle for 0 second(s)...
Idle for 0 second(s)...
Idle for 0 second(s)...
Idle for 0 second(s)...
Idle for 0 second(s)...
Idle for 0 second(s)...
Idle for 0 second(s)...
Idle for 0 second(s)...
Idle for 0 second(s)...
Idle for 0 second(s)...
Idle for 0 second(s)...
Idle for 0 second(s)...
Idle for 1 second(s)...
Idle for 1 second(s)...
Idle for 0 second(s)...
Idle for 0 second(s)...
Idle for 0 second(s)...
Idle for 0 second(s)...
Idle for 0 second(s)...
Idle for 0 second(s)...
Idle for 0 second(s)...
Idle for 0 second(s)...
Idle for 0 second(s)...
Idle for 0 second(s)...
Idle for 0 second(s)...
Idle for 0 second(s)...
Idle for 0 second(s)...
Idle for 0 second(s)...
Idle for 0 second(s)...
Idle for 0 second(s)...
Idle for 0 second(s)...
Idle for 1 second(s)...
Idle for 1 second(s)...
Idle for 0 second(s)...
Idle for 0 second(s)...
Idle for 0 second(s)...
Idle for 0 second(s)...
Idle for 1 second(s)...
Idle for 1 second(s)...
Idle for 2 second(s)...
Idle for 2 second(s)...
Idle for 3 second(s)...
Idle for 3 second(s)...
Idle for 4 second(s)...
Idle for 4 second(s)...
Idle for 5 second(s)...
Idle for 0 second(s)...
Idle for 0 second(s)...
Idle for 0 second(s)...
Idle for 0 second(s)...
Idle for 0 second(s)...
Idle for 1 second(s)...
Idle for 1 second(s)...
Idle for 2 second(s)...
Idle for 0 second(s)...
Idle for 0 second(s)...
Idle for 0 second(s)...
Idle for 0 second(s)...
Idle for 0 second(s)...
Idle for 0 second(s)...
Idle for 0 second(s)...
Idle for 0 second(s)...
Idle for 0 second(s)...
Idle for 0 second(s)...
Idle for 0 second(s)...
Idle for 0 second(s)...
Idle for 0 second(s)...
Idle for 0 second(s)...
Idle for 0 second(s)...
Idle for 0 second(s)...
Idle for 0 second(s)...
Idle for 1 second(s)...
Idle for 1 second(s)...
Idle for 2 second(s)...
Idle for 2 second(s)...
Idle for 3 second(s)...
Idle for 3 second(s)...
Idle for 4 second(s)...
Idle for 4 second(s)...
Idle for 5 second(s)...
Idle for 5 second(s)...
Idle for 6 second(s)...
Idle for 6 second(s)...
Idle for 7 second(s)...
Idle for 7 second(s)...
Idle for 8 second(s)...
Idle for 8 second(s)...
Idle for 9 second(s)...
Idle for 9 second(s)...
Idle for 10 second(s)...
Idle for 10 second(s)...
Idle for 11 second(s)...
Idle for 11 second(s)...
Idle for 12 second(s)...
Idle for 12 second(s)...
Idle for 13 second(s)...
Idle for 13 second(s)...
Idle for 14 second(s)...
Idle for 14 second(s)...
Idle for 15 second(s)...
Idle for 15 second(s)...
Idle for 16 second(s)...
Idle for 16 second(s)...
Idle for 17 second(s)...
Idle for 17 second(s)...
Idle for 18 second(s)...
Idle for 18 second(s)...
Idle for 19 second(s)...
Idle for 19 second(s)...
Idle for 20 second(s)...
Idle for 20 second(s)...
Idle for 21 second(s)...
Idle for 21 second(s)...
Idle for 22 second(s)...
Idle for 22 second(s)...
Idle for 23 second(s)...
Idle for 23 second(s)...
Idle for 24 second(s)...
Idle for 24 second(s)...
Idle for 25 second(s)...
Idle for 25 second(s)...
Idle for 26 second(s)...
Idle for 26 second(s)...
Idle for 0 second(s)...
Idle for 0 second(s)...
Idle for 1 second(s)...
Idle for 0 second(s)...
Idle for 0 second(s)...
Idle for 0 second(s)...
Idle for 0 second(s)...
Idle for 0 second(s)...
Idle for 0 second(s)...
Idle for 0 second(s)...
Idle for 0 second(s)...
Idle for 0 second(s)...
Idle for 0 second(s)...
Idle for 0 second(s)...
Idle for 0 second(s)...
Idle for 0 second(s)...
Idle for 0 second(s)...
🟢 Inactivity monitor started: min=0.5min, max=1min
Idle for 0 second(s)...
Idle for 0 second(s)...
Idle for 0 second(s)...
Idle for 0 second(s)...
Idle for 0 second(s)...
Idle for 0 second(s)...
Idle for 1 second(s)...
Idle for 0 second(s)...
Idle for 0 second(s)...
Idle for 0 second(s)...
Idle for 0 second(s)...
Idle for 1 second(s)...
Idle for 0 second(s)...
Idle for 1 second(s)...
Idle for 2 second(s)...
Idle for 0 second(s)...
Idle for 0 second(s)...
Idle for 0 second(s)...
🟢 Inactivity monitor started: min=0.5min, max=1min
Idle for 0 second(s)...
Idle for 0 second(s)...
Idle for 0 second(s)...
Idle for 0 second(s)...
Idle for 0 second(s)...
🟢 Inactivity monitor started: min=0.5min, max=1min
Idle for 0 second(s)...
Idle for 0 second(s)...
Idle for 0 second(s)...
Idle for 0 second(s)...
Idle for 0 second(s)...
Idle for 0 second(s)...
Idle for 0 second(s)...
Idle for 0 second(s)...
Idle for 0 second(s)...
Idle for 0 second(s)...
Idle for 0 second(s)...
Idle for 0 second(s)...
Idle for 0 second(s)...
🟢 Inactivity monitor started: min=0.5min, max=1min
Idle for 0 second(s)...
Idle for 0 second(s)...
Idle for 0 second(s)...
Idle for 0 second(s)...
Idle for 0 second(s)...
Idle for 0 second(s)...
Idle for 0 second(s)...
Idle for 0 second(s)...
Idle for 0 second(s)...
Idle for 0 second(s)...
Idle for 0 second(s)...
Idle for 0 second(s)...
Idle for 1 second(s)...
Idle for 2 second(s)...
Idle for 0 second(s)...
Idle for 0 second(s)...
Idle for 0 second(s)...
Idle for 0 second(s)...
Idle for 0 second(s)...
Idle for 0 second(s)...
Idle for 0 second(s)...
Idle for 0 second(s)...
Idle for 0 second(s)...
Idle for 0 second(s)...
Idle for 0 second(s)...
Idle for 0 second(s)...
Idle for 0 second(s)...
Idle for 0 second(s)...
Idle for 0 second(s)...
Idle for 0 second(s)...
Idle for 0 second(s)...
Idle for 0 second(s)...
Idle for 0 second(s)...
Idle for 0 second(s)...
Idle for 0 second(s)...
Idle for 0 second(s)...
Idle for 1 second(s)...
Idle for 2 second(s)...
Idle for 3 second(s)...
Idle for 0 second(s)...
Idle for 0 second(s)...
Idle for 0 second(s)...
Idle for 0 second(s)...
Idle for 1 second(s)...
Idle for 0 second(s)...
Idle for 0 second(s)...
Idle for 0 second(s)...
Idle for 0 second(s)...
Idle for 0 second(s)...
Idle for 0 second(s)...
Idle for 0 second(s)...
Idle for 0 second(s)...
Idle for 0 second(s)...
Idle for 1 second(s)...
Idle for 2 second(s)...
Idle for 3 second(s)...
Idle for 4 second(s)...
Idle for 5 second(s)...
Idle for 0 second(s)...
Idle for 0 second(s)...
Idle for 0 second(s)...
Idle for 0 second(s)...
Idle for 0 second(s)...
Idle for 0 second(s)...
Idle for 1 second(s)...
Idle for 2 second(s)...
Idle for 0 second(s)...
Idle for 0 second(s)...
Idle for 1 second(s)...
Idle for 0 second(s)...
Idle for 1 second(s)...
Idle for 2 second(s)...
Idle for 3 second(s)...
Idle for 4 second(s)...
Idle for 5 second(s)...
Idle for 0 second(s)...
Idle for 1 second(s)...
Idle for 0 second(s)...
Idle for 0 second(s)...
Idle for 0 second(s)...
Idle for 0 second(s)...
Idle for 0 second(s)...
Idle for 0 second(s)...
Idle for 0 second(s)...
Idle for 1 second(s)...
Idle for 2 second(s)...
Idle for 3 second(s)...
Idle for 4 second(s)...
Idle for 5 second(s)...
Idle for 6 second(s)...
Idle for 7 second(s)...
Idle for 0 second(s)...
Idle for 0 second(s)...
🟢 Inactivity monitor started: min=0.5min, max=1min
Idle for 0 second(s)...
Idle for 0 second(s)...
Idle for 0 second(s)...
Idle for 0 second(s)...
Idle for 0 second(s)...
Idle for 1 second(s)...
Idle for 2 second(s)...
Idle for 3 second(s)...
Idle for 0 second(s)...
Idle for 0 second(s)...
🟢 Inactivity monitor started: min=0.5min, max=1min
Idle for 0 second(s)...
Idle for 0 second(s)...
Idle for 0 second(s)...
Idle for 0 second(s)...
Idle for 0 second(s)...
Idle for 0 second(s)...
Idle for 0 second(s)...
Idle for 1 second(s)...
Idle for 2 second(s)...
Idle for 0 second(s)...
Idle for 0 second(s)...
Idle for 0 second(s)...
Idle for 0 second(s)...
Idle for 0 second(s)...
Idle for 0 second(s)...
🟢 Inactivity monitor started: min=0.5min, max=1min
Idle for 0 second(s)...
Idle for 0 second(s)...
Idle for 0 second(s)...
Idle for 0 second(s)...
Idle for 0 second(s)...
Idle for 0 second(s)...
Idle for 0 second(s)...
Idle for 0 second(s)...
Idle for 0 second(s)...
Idle for 0 second(s)...
Idle for 0 second(s)...
Idle for 0 second(s)...
Idle for 0 second(s)...
Idle for 0 second(s)...
Idle for 0 second(s)...
Idle for 0 second(s)...
Idle for 0 second(s)...
Idle for 0 second(s)...
Idle for 0 second(s)...
Idle for 0 second(s)...
Idle for 0 second(s)...
Idle for 0 second(s)...
Idle for 0 second(s)...
Idle for 0 second(s)...
Idle for 0 second(s)...
Idle for 0 second(s)...
Idle for 0 second(s)...
Idle for 0 second(s)...
Idle for 0 second(s)...
Idle for 1 second(s)...
Idle for 2 second(s)...
Idle for 3 second(s)...
Idle for 0 second(s)...
Idle for 0 second(s)...
Idle for 0 second(s)...
Idle for 0 second(s)...
Idle for 0 second(s)...
Idle for 1 second(s)...
Idle for 0 second(s)...
Idle for 1 second(s)...
Idle for 0 second(s)...
Idle for 0 second(s)...
Idle for 1 second(s)...
Idle for 2 second(s)...
Idle for 3 second(s)...
Idle for 0 second(s)...
Idle for 1 second(s)...
Idle for 2 second(s)...
Idle for 3 second(s)...
Idle for 0 second(s)...
Idle for 1 second(s)...
Idle for 0 second(s)...
Idle for 0 second(s)...
Idle for 0 second(s)...
Idle for 0 second(s)...
Idle for 0 second(s)...
Idle for 0 second(s)...
Idle for 0 second(s)...
Idle for 0 second(s)...
Idle for 1 second(s)...
Idle for 2 second(s)...
Idle for 3 second(s)...
Idle for 4 second(s)...
Idle for 5 second(s)...
Idle for 0 second(s)...
Idle for 1 second(s)...
Idle for 2 second(s)...
Idle for 3 second(s)...
Idle for 0 second(s)...
Idle for 1 second(s)...
Idle for 2 second(s)...
Idle for 0 second(s)...
Idle for 0 second(s)...
Idle for 0 second(s)...
Idle for 1 second(s)...
Idle for 2 second(s)...
Idle for 3 second(s)...
Idle for 4 second(s)...
Idle for 0 second(s)...
Idle for 0 second(s)...
Idle for 0 second(s)...
Idle for 0 second(s)...
Idle for 0 second(s)...
Idle for 0 second(s)...
Idle for 0 second(s)...
Idle for 0 second(s)...
Idle for 0 second(s)...
Idle for 0 second(s)...
Idle for 0 second(s)...
Idle for 0 second(s)...
Idle for 0 second(s)...
Idle for 0 second(s)...
Idle for 0 second(s)...
Idle for 0 second(s)...
Idle for 0 second(s)...
Idle for 0 second(s)...
Idle for 0 second(s)...
Idle for 0 second(s)...
Idle for 0 second(s)...
Idle for 0 second(s)...
Idle for 0 second(s)...
Idle for 0 second(s)...
Idle for 0 second(s)...
Idle for 0 second(s)...
Idle for 1 second(s)...
Idle for 2 second(s)...
Idle for 3 second(s)...
Idle for 4 second(s)...
Idle for 5 second(s)...
Idle for 6 second(s)...
Idle for 7 second(s)...
Idle for 8 second(s)...
Idle for 0 second(s)...
Idle for 0 second(s)...
Idle for 0 second(s)...
Idle for 0 second(s)...
Idle for 0 second(s)...
Idle for 0 second(s)...
Idle for 0 second(s)...
Idle for 0 second(s)...
Idle for 0 second(s)...
Idle for 0 second(s)...
Idle for 0 second(s)...
Idle for 0 second(s)...
Idle for 0 second(s)...
Idle for 1 second(s)...
Idle for 0 second(s)...
Idle for 0 second(s)...
Idle for 0 second(s)...
Idle for 1 second(s)...
Idle for 2 second(s)...
Idle for 3 second(s)...
Idle for 4 second(s)...
Idle for 0 second(s)...
Idle for 0 second(s)...
Idle for 0 second(s)...
Idle for 0 second(s)...
Idle for 0 second(s)...
Idle for 0 second(s)...
Idle for 0 second(s)...
Idle for 0 second(s)...
Idle for 0 second(s)...
Idle for 0 second(s)...
Idle for 0 second(s)...
Idle for 0 second(s)...
🟢 Inactivity monitor started: min=0.5min, max=1min
Idle for 0 second(s)...
Idle for 0 second(s)...
Idle for 0 second(s)...
Idle for 0 second(s)...
Idle for 0 second(s)...
Idle for 0 second(s)...
Idle for 0 second(s)...
Idle for 0 second(s)...
Idle for 0 second(s)...
Idle for 0 second(s)...
Idle for 0 second(s)...
Idle for 0 second(s)...
Idle for 0 second(s)...
Idle for 0 second(s)...
🟢 Inactivity monitor started: min=0.5min, max=1min
Idle for 0 second(s)...
Idle for 0 second(s)...
Idle for 0 second(s)...
Idle for 0 second(s)...
Idle for 0 second(s)...
Idle for 0 second(s)...
Idle for 0 second(s)...
Idle for 0 second(s)...
Idle for 0 second(s)...
Idle for 0 second(s)...
Idle for 0 second(s)...
Idle for 0 second(s)...
Idle for 0 second(s)...
🟢 Inactivity monitor started: min=0.5min, max=1min
Idle for 0 second(s)...
Idle for 0 second(s)...
Idle for 0 second(s)...
Idle for 0 second(s)...
Idle for 0 second(s)...
Idle for 0 second(s)...
Idle for 0 second(s)...
Idle for 1 second(s)...
Idle for 0 second(s)...
Idle for 0 second(s)...
Idle for 0 second(s)...
Idle for 0 second(s)...
Idle for 0 second(s)...
Idle for 0 second(s)...
Idle for 0 second(s)...
Idle for 0 second(s)...
Idle for 0 second(s)...
Idle for 0 second(s)...
Idle for 0 second(s)...
Idle for 0 second(s)...
Idle for 0 second(s)...
Idle for 0 second(s)...
Idle for 0 second(s)...
Idle for 0 second(s)...
Idle for 0 second(s)...
Idle for 0 second(s)...
Idle for 0 second(s)...
Idle for 0 second(s)...
Idle for 0 second(s)...
Idle for 0 second(s)...
Idle for 0 second(s)...
Idle for 0 second(s)...
Idle for 0 second(s)...
Idle for 0 second(s)...
Idle for 0 second(s)...
Idle for 0 second(s)...
Idle for 1 second(s)...
Idle for 0 second(s)...
Idle for 1 second(s)...
Idle for 2 second(s)...
Idle for 0 second(s)...
Idle for 0 second(s)...
Idle for 0 second(s)...
Idle for 0 second(s)...
Idle for 0 second(s)...
Idle for 0 second(s)...
Idle for 0 second(s)...
Idle for 0 second(s)...
Idle for 1 second(s)...
Idle for 2 second(s)...
Idle for 3 second(s)...
Idle for 0 second(s)...
Idle for 0 second(s)...
Idle for 0 second(s)...
Idle for 0 second(s)...
Idle for 1 second(s)...
Idle for 0 second(s)...
Idle for 0 second(s)...
Idle for 0 second(s)...
Idle for 0 second(s)...
Idle for 0 second(s)...
Idle for 0 second(s)...
🟢 Inactivity monitor started: min=0.5min, max=1min
Idle for 0 second(s)...
Idle for 0 second(s)...
Idle for 0 second(s)...
Idle for 0 second(s)...
Idle for 0 second(s)...
Idle for 0 second(s)...
Idle for 0 second(s)...
Idle for 0 second(s)...
Idle for 0 second(s)...
Idle for 0 second(s)...
Idle for 0 second(s)...
Idle for 0 second(s)...
Idle for 0 second(s)...
Idle for 0 second(s)...
Idle for 0 second(s)...
🟢 Inactivity monitor started: min=0.5min, max=1min
Idle for 0 second(s)...
Idle for 0 second(s)...
Idle for 0 second(s)...
Idle for 0 second(s)...
Idle for 0 second(s)...
Idle for 0 second(s)...
Idle for 0 second(s)...
Idle for 1 second(s)...
Idle for 2 second(s)...
Idle for 3 second(s)...
Idle for 0 second(s)...
🟢 Inactivity monitor started: min=0.5min, max=1min
Idle for 0 second(s)...
Idle for 0 second(s)...
Idle for 0 second(s)...
Idle for 0 second(s)...
Idle for 0 second(s)...
Idle for 0 second(s)...
Idle for 0 second(s)...
Idle for 0 second(s)...
Idle for 0 second(s)...
Idle for 0 second(s)...
🟢 Inactivity monitor started: min=0.5min, max=1min
Idle for 0 second(s)...
Idle for 0 second(s)...
Idle for 0 second(s)...
Idle for 0 second(s)...
Idle for 0 second(s)...
Idle for 0 second(s)...
Idle for 0 second(s)...
Idle for 0 second(s)...
Idle for 0 second(s)...
Idle for 0 second(s)...
🟢 Inactivity monitor started: min=0.5min, max=1min
Idle for 0 second(s)...
Idle for 0 second(s)...
Idle for 0 second(s)...
Idle for 0 second(s)...
Idle for 0 second(s)...
Idle for 0 second(s)...
Idle for 0 second(s)...
Idle for 0 second(s)...
Idle for 0 second(s)...
Idle for 0 second(s)...
Idle for 0 second(s)...
Idle for 0 second(s)...
Idle for 0 second(s)...
Idle for 0 second(s)...
Idle for 0 second(s)...
Idle for 1 second(s)...
Idle for 0 second(s)...
Idle for 0 second(s)...
Idle for 0 second(s)...
Idle for 0 second(s)...
Idle for 0 second(s)...
Idle for 0 second(s)...
Idle for 0 second(s)...
Idle for 0 second(s)...
Idle for 0 second(s)...
Idle for 0 second(s)...
Idle for 0 second(s)...
Idle for 0 second(s)...
Idle for 0 second(s)...
Idle for 0 second(s)...
Idle for 0 second(s)...
Idle for 0 second(s)...
Idle for 0 second(s)...
Idle for 0 second(s)...
Idle for 0 second(s)...
Idle for 0 second(s)...
Idle for 0 second(s)...
Idle for 0 second(s)...
Idle for 0 second(s)...
Idle for 0 second(s)...
Idle for 0 second(s)...
Idle for 0 second(s)...
Idle for 0 second(s)...
Idle for 0 second(s)...
Idle for 0 second(s)...
Idle for 0 second(s)...
Idle for 0 second(s)...
Idle for 0 second(s)...
Idle for 0 second(s)...
Idle for 1 second(s)...
Idle for 0 second(s)...
Idle for 0 second(s)...
Idle for 0 second(s)...
Idle for 0 second(s)...
Idle for 0 second(s)...
Idle for 0 second(s)...
Idle for 0 second(s)...
Idle for 1 second(s)...
Idle for 0 second(s)...
Idle for 1 second(s)...
Idle for 0 second(s)...
Idle for 1 second(s)...
Idle for 0 second(s)...
Idle for 0 second(s)...
Idle for 0 second(s)...
Idle for 0 second(s)...
Idle for 0 second(s)...
Idle for 0 second(s)...
Idle for 0 second(s)...
Idle for 0 second(s)...
Idle for 0 second(s)...
Idle for 0 second(s)...
Idle for 0 second(s)...
Idle for 0 second(s)...
Idle for 1 second(s)...
Idle for 0 second(s)...
Idle for 0 second(s)...
Idle for 0 second(s)...
Idle for 0 second(s)...
Idle for 0 second(s)...
Idle for 0 second(s)...
Idle for 0 second(s)...
Idle for 0 second(s)...
Idle for 0 second(s)...
Idle for 0 second(s)...
Idle for 0 second(s)...
Idle for 0 second(s)...
Idle for 0 second(s)...
Idle for 0 second(s)...
Idle for 0 second(s)...
Idle for 0 second(s)...
Idle for 0 second(s)...
Idle for 0 second(s)...
Idle for 0 second(s)...
Idle for 0 second(s)...
Idle for 1 second(s)...
Idle for 2 second(s)...
Idle for 3 second(s)...
Idle for 4 second(s)...
Idle for 5 second(s)...
Idle for 6 second(s)...
Idle for 7 second(s)...
Idle for 0 second(s)...
Idle for 0 second(s)...
Idle for 0 second(s)...
Idle for 0 second(s)...
Idle for 0 second(s)...
Idle for 0 second(s)...
Idle for 0 second(s)...
Idle for 0 second(s)...
Idle for 0 second(s)...
Idle for 0 second(s)...
Idle for 0 second(s)...
Idle for 0 second(s)...
Idle for 0 second(s)...
Idle for 0 second(s)...
Idle for 0 second(s)...
Idle for 0 second(s)...
Idle for 0 second(s)...
Idle for 0 second(s)...
Idle for 0 second(s)...
Idle for 0 second(s)...
Idle for 0 second(s)...
Idle for 0 second(s)...
Idle for 0 second(s)...
Idle for 0 second(s)...
Idle for 0 second(s)...
Idle for 0 second(s)...
Idle for 0 second(s)...
Idle for 0 second(s)...
Idle for 0 second(s)...
Idle for 0 second(s)...
Idle for 1 second(s)...
Idle for 0 second(s)...
Idle for 0 second(s)...
Idle for 0 second(s)...
Idle for 0 second(s)...
Idle for 0 second(s)...
Idle for 0 second(s)...
Idle for 0 second(s)...
Idle for 1 second(s)...
Idle for 0 second(s)...
Idle for 0 second(s)...
Idle for 0 second(s)...
Idle for 0 second(s)...
Idle for 0 second(s)...
Idle for 1 second(s)...
Idle for 2 second(s)...
Idle for 0 second(s)...
Idle for 0 second(s)...
Idle for 0 second(s)...
Idle for 0 second(s)...
Idle for 0 second(s)...
Idle for 0 second(s)...
Idle for 0 second(s)...
Idle for 0 second(s)...
Idle for 0 second(s)...
Idle for 0 second(s)...
Idle for 0 second(s)...
Idle for 0 second(s)...
🟢 Inactivity monitor started: min=0.5min, max=1min
Idle for 0 second(s)...
Idle for 0 second(s)...
Idle for 0 second(s)...
Idle for 1 second(s)...
Idle for 2 second(s)...
Idle for 0 second(s)...
Idle for 0 second(s)...
Idle for 0 second(s)...
Idle for 0 second(s)...
Idle for 0 second(s)...
Idle for 0 second(s)...
Idle for 0 second(s)...
Idle for 0 second(s)...
Idle for 1 second(s)...
Idle for 2 second(s)...
Idle for 3 second(s)...
Idle for 4 second(s)...
Idle for 5 second(s)...
Idle for 0 second(s)...
Idle for 0 second(s)...
Idle for 1 second(s)...
Idle for 2 second(s)...
Idle for 3 second(s)...
Idle for 4 second(s)...
Idle for 5 second(s)...
Idle for 6 second(s)...
Idle for 7 second(s)...
Idle for 8 second(s)...
Idle for 9 second(s)...
Idle for 10 second(s)...
Idle for 0 second(s)...
🟢 Inactivity monitor started: min=0.5min, max=1min
Idle for 0 second(s)...
Idle for 0 second(s)...
Idle for 0 second(s)...
Idle for 0 second(s)...
Idle for 1 second(s)...
Idle for 0 second(s)...
Idle for 0 second(s)...
Idle for 0 second(s)...
Idle for 1 second(s)...
Idle for 2 second(s)...
Idle for 3 second(s)...
Idle for 0 second(s)...
Idle for 0 second(s)...
Idle for 1 second(s)...
Idle for 2 second(s)...
Idle for 0 second(s)...
🟢 Inactivity monitor started: min=0.5min, max=1min
Idle for 0 second(s)...
Idle for 0 second(s)...
Idle for 0 second(s)...
Idle for 0 second(s)...
Idle for 0 second(s)...
Idle for 0 second(s)...
Idle for 0 second(s)...
Idle for 0 second(s)...
Idle for 0 second(s)...
Idle for 0 second(s)...
Idle for 0 second(s)...
Idle for 1 second(s)...
Idle for 0 second(s)...
Idle for 0 second(s)...
Idle for 0 second(s)...
Idle for 0 second(s)...
Idle for 0 second(s)...
Idle for 0 second(s)...
Idle for 1 second(s)...
Idle for 1 second(s)...
Idle for 0 second(s)...
Idle for 0 second(s)...
Idle for 0 second(s)...
Idle for 0 second(s)...
Idle for 0 second(s)...
Idle for 0 second(s)...
Idle for 0 second(s)...
Idle for 0 second(s)...
Idle for 0 second(s)...
Idle for 0 second(s)...
Idle for 0 second(s)...
🟢 Inactivity monitor started: min=0.5min, max=1min
Idle for 0 second(s)...
Idle for 0 second(s)...
Idle for 0 second(s)...
Idle for 0 second(s)...
Idle for 0 second(s)...
Idle for 0 second(s)...
Idle for 0 second(s)...
Idle for 0 second(s)...
Idle for 0 second(s)...
Idle for 0 second(s)...
Idle for 0 second(s)...
Idle for 0 second(s)...
Idle for 0 second(s)...
Idle for 0 second(s)...
Idle for 0 second(s)...
Idle for 0 second(s)...
Idle for 1 second(s)...
Idle for 2 second(s)...
Idle for 0 second(s)...
Idle for 0 second(s)...
Idle for 0 second(s)...
Idle for 0 second(s)...
Idle for 0 second(s)...
Idle for 0 second(s)...
Idle for 0 second(s)...
Idle for 0 second(s)...
Idle for 0 second(s)...
Idle for 1 second(s)...
Idle for 2 second(s)...
Idle for 3 second(s)...
Idle for 0 second(s)...
Idle for 0 second(s)...
Idle for 0 second(s)...
Idle for 1 second(s)...
Idle for 2 second(s)...
Idle for 3 second(s)...
Idle for 4 second(s)...
Idle for 5 second(s)...
Idle for 6 second(s)...
Idle for 7 second(s)...
Idle for 8 second(s)...
Idle for 9 second(s)...
Idle for 10 second(s)...
Idle for 11 second(s)...
Idle for 0 second(s)...
Idle for 0 second(s)...
Idle for 0 second(s)...
Idle for 1 second(s)...
Idle for 2 second(s)...
Idle for 3 second(s)...
Idle for 4 second(s)...
Idle for 5 second(s)...
Idle for 6 second(s)...
Idle for 7 second(s)...
Idle for 0 second(s)...
Idle for 1 second(s)...
